<?xml version="1.0" encoding="UTF-8"?>
<testsuite name="TestSuite" time="12.694" tests="3" errors="0" skipped="0" failures="1">
  <properties>
[...]
</properties>
  <testcase name="HomePageTc1" classname="KisanYardPageTest.HomePage_Tests" time="0.078"/>
  <testcase name="HomePageTc2" classname="KisanYardPageTest.HomePage_Tests" time="5.48">
    <failure message="expected [false] but found [true]" type="java.lang.AssertionError">java.lang.AssertionError: expected [false] but found [true]
	at org.testng.Assert.fail(Assert.java:96)
	at org.testng.Assert.failNotEquals(Assert.java:776)
	at org.testng.Assert.assertFalse(Assert.java:65)
	at org.testng.Assert.assertFalse(Assert.java:75)
	at KissanYardPageAction.HomePage_Action.clickLogin(HomePage_Action.java:48)
	at KisanYardPageTest.HomePage_Tests.HomePageTc2(HomePage_Tests.java:27)
</failure>
    <system-out><![CDATA[https://www.kisaanyard.com/user-login
]]></system-out>
  </testcase>
  <testcase name="HomePageTc3" classname="KisanYardPageTest.HomePage_Tests" time="7.136"/>
</testsuite>